2026-06-20 14:45:29,582 [INFO] __main__: Starting Flask health server on port 5000
2026-06-20 14:45:30,876 [INFO] __main__: ✅ Teacher Bot is running
2026-06-24 15:10:39,301 [INFO] __main__: Starting Flask health server on port 5000
2026-06-24 15:10:40,551 [INFO] __main__: ✅ Teacher Bot is running
2026-06-24 15:10:47,740 [INFO] __main__: Starting session for user 7793346625
2026-06-24 15:10:53,786 [INFO] database: Permanently deleted course 1 for user 7793346625
2026-06-24 15:10:53,909 [INFO] __main__: Starting session for user 7793346625
2026-06-24 15:10:55,580 [INFO] database: Upserted user 7793346625 fields=['lang', 'last_active']
2026-06-24 15:10:56,430 [INFO] database: Upserted user 7793346625 fields=['lang', 'last_active']
2026-06-24 15:10:57,266 [INFO] database: Upserted user 7793346625 fields=['lang', 'last_active']
2026-06-24 15:10:58,024 [INFO] database: Upserted user 7793346625 fields=['lang', 'fan', 'last_active']
2026-06-24 15:10:59,006 [INFO] database: Upserted user 7793346625 fields=['lang', 'fan', 'daraja', 'last_active']
2026-06-24 15:11:00,406 [INFO] database: Upserted user 7793346625 fields=['lang', 'fan', 'daraja', 'maqsad', 'last_active']
2026-06-24 15:11:01,026 [INFO] database: Created course 2 for user 7793346625
2026-06-24 15:11:04,777 [INFO] database: Upserted user 7793346625 fields=['lang', 'fan', 'daraja', 'maqsad', 'vaqt', 'kun', 'current_post', 'lesson_total_posts', 'last_lesson', 'last_active']
2026-06-24 15:11:04,793 [INFO] database: Saved course lesson 2 for course 2 day 1 post 1
2026-06-24 15:11:04,810 [INFO] database: Saved legacy lesson for user 7793346625 kun=1 fan=Python
2026-06-24 15:11:04,984 [INFO] database: Upserted user 7793346625 fields=['lang', 'fan', 'daraja', 'maqsad', 'vaqt', 'kun', 'current_post', 'lesson_total_posts', 'last_lesson', 'last_active']
2026-06-24 15:14:53,547 [INFO] __main__: Starting Flask health server on port 5000
2026-06-24 15:14:54,804 [INFO] __main__: ✅ Teacher Bot is running
2026-06-24 15:15:06,435 [INFO] __main__: Starting session for user 7793346625
2026-06-24 15:15:14,122 [INFO] database: Upserted user 7793346625 fields=['fan', 'daraja', 'maqsad', 'vaqt', 'kun', 'current_post', 'lesson_total_posts', 'last_lesson', 'last_active']
2026-06-24 15:15:14,123 [INFO] database: Course lesson already exists course=2 kun=1 post=1
2026-06-24 15:15:14,145 [INFO] database: Saved legacy lesson for user 7793346625 kun=1 fan=Python
2026-06-24 15:18:23,387 [INFO] __main__: Starting Flask health server on port 5000
2026-06-24 15:18:24,705 [INFO] __main__: ✅ Teacher Bot is running
2026-06-24 15:18:25,556 [INFO] __main__: Starting session for user 7793346625
2026-06-24 15:18:32,349 [INFO] database: Permanently deleted course 2 for user 7793346625
2026-06-24 15:18:32,486 [INFO] __main__: Starting session for user 7793346625
2026-06-24 15:18:34,992 [INFO] database: Upserted user 7793346625 fields=['lang', 'last_active']
2026-06-24 15:18:36,654 [INFO] database: Upserted user 7793346625 fields=['lang', 'last_active']
2026-06-24 15:18:37,918 [INFO] database: Upserted user 7793346625 fields=['lang', 'last_active']
2026-06-24 15:18:38,863 [INFO] database: Upserted user 7793346625 fields=['lang', 'fan', 'last_active']
2026-06-24 15:18:39,788 [INFO] database: Upserted user 7793346625 fields=['lang', 'fan', 'daraja', 'last_active']
2026-06-24 15:18:40,807 [INFO] database: Upserted user 7793346625 fields=['lang', 'fan', 'daraja', 'maqsad', 'last_active']
2026-06-24 15:18:41,348 [INFO] database: Created course 3 for user 7793346625
2026-06-24 15:18:45,819 [INFO] database: Upserted user 7793346625 fields=['lang', 'fan', 'daraja', 'maqsad', 'vaqt', 'kun', 'current_post', 'lesson_total_posts', 'last_lesson', 'last_active']
2026-06-24 15:18:45,836 [INFO] database: Saved course lesson 3 for course 3 day 1 post 1
2026-06-24 15:18:45,854 [INFO] database: Saved legacy lesson for user 7793346625 kun=1 fan=Python
2026-06-24 15:18:46,012 [INFO] database: Upserted user 7793346625 fields=['lang', 'fan', 'daraja', 'maqsad', 'vaqt', 'kun', 'current_post', 'lesson_total_posts', 'last_lesson', 'last_active']
2026-06-24 21:41:02,722 [INFO] __main__: Starting Flask health server on port 5000
2026-06-24 21:41:04,049 [INFO] __main__: ✅ Teacher Bot is running
2026-06-24 21:41:15,076 [INFO] __main__: Unhandled text from user 7793346625: 🔒 Next lesson unlocks in 12 hours
2026-06-24 21:41:15,490 [INFO] database: Upserted user 7793346625 fields=['lang', 'fan', 'daraja', 'maqsad', 'vaqt', 'kun', 'current_post', 'lesson_total_posts', 'next_day_unlock', 'last_lesson', 'last_active']
2026-06-24 21:41:20,251 [INFO] __main__: Starting session for user 7793346625
2026-06-24 21:41:25,571 [INFO] database: Permanently deleted course 3 for user 7793346625
2026-06-24 21:41:25,749 [INFO] __main__: Starting session for user 7793346625
2026-06-24 21:41:27,310 [INFO] database: Upserted user 7793346625 fields=['lang', 'last_active']
2026-06-24 21:41:27,982 [INFO] database: Upserted user 7793346625 fields=['lang', 'last_active']
2026-06-24 21:41:28,688 [INFO] database: Upserted user 7793346625 fields=['lang', 'last_active']
2026-06-24 21:41:29,440 [INFO] database: Upserted user 7793346625 fields=['lang', 'fan', 'last_active']
2026-06-24 21:41:30,345 [INFO] database: Upserted user 7793346625 fields=['lang', 'fan', 'daraja', 'last_active']
2026-06-24 21:41:31,041 [INFO] database: Upserted user 7793346625 fields=['lang', 'fan', 'daraja', 'maqsad', 'last_active']
2026-06-24 21:41:31,577 [INFO] database: Created course 4 for user 7793346625
2026-06-24 21:41:34,969 [INFO] database: Upserted user 7793346625 fields=['lang', 'fan', 'daraja', 'maqsad', 'vaqt', 'kun', 'current_post', 'lesson_total_posts', 'last_lesson', 'last_active']
2026-06-24 21:41:34,985 [INFO] database: Saved course lesson 4 for course 4 day 1 post 1
2026-06-24 21:41:35,001 [INFO] database: Saved legacy lesson for user 7793346625 kun=1 fan=Python
2026-06-24 21:41:35,179 [INFO] database: Upserted user 7793346625 fields=['lang', 'fan', 'daraja', 'maqsad', 'vaqt', 'kun', 'current_post', 'lesson_total_posts', 'last_lesson', 'last_active']
2026-06-24 21:41:38,712 [INFO] database: Updated course progress for course 4 kun=1 post=1 status=ACTIVE
2026-06-24 21:41:38,912 [INFO] database: Upserted user 7793346625 fields=['lang', 'fan', 'daraja', 'maqsad', 'vaqt', 'kun', 'current_post', 'lesson_total_posts', 'next_day_unlock', 'last_lesson', 'last_active']
2026-06-24 21:41:40,743 [INFO] database: Upserted user 7793346625 fields=['lang', 'fan', 'daraja', 'maqsad', 'vaqt', 'kun', 'current_post', 'lesson_total_posts', 'next_day_unlock', 'last_lesson', 'last_active']
2026-06-24 21:41:42,046 [INFO] database: Upserted user 7793346625 fields=['lang', 'fan', 'daraja', 'maqsad', 'vaqt', 'kun', 'current_post', 'lesson_total_posts', 'next_day_unlock', 'last_lesson', 'last_active']
2026-06-24 21:41:43,004 [INFO] database: Upserted user 7793346625 fields=['lang', 'fan', 'daraja', 'maqsad', 'vaqt', 'kun', 'current_post', 'lesson_total_posts', 'next_day_unlock', 'last_lesson', 'last_active']
